<?xml version="1.0" encoding="UTF-8"?>
<!-- Generated by org.testng.reporters.JUnitXMLReporter -->
<testsuite ignored="2" hostname="DESKTOP-K8DIB7L" failures="0" tests="2" name="Test-Runner-2" time="0.053" errors="0" timestamp="2024-02-28T11:06:23 IST">
  <testcase classname="staffModule1.ViewAtiveCustomerTest" name="viewActiveCustomer" time="0.0">
    <skipped/>
  </testcase> <!-- viewActiveCustomer -->
  <testcase classname="staffModule1.CreditCustomerTest" name="creditCustomer" time="0.0">
    <skipped/>
  </testcase> <!-- creditCustomer -->
  <testcase classname="com.obs.generic.utilities.BaseClass" name="@BeforeSuite beforeSuite" time="0.0">
    <ignored/>
  </testcase> <!-- @BeforeSuite beforeSuite -->
  <testcase classname="com.obs.generic.utilities.BaseClass" name="@AfterSuite afterSuite" time="0.0">
    <ignored/>
  </testcase> <!-- @AfterSuite afterSuite -->
</testsuite> <!-- Test-Runner-2 -->
