<?xml version="1.0" encoding="UTF-8"?>
<!-- Generated by org.testng.reporters.JUnitXMLReporter -->
<testsuite ignored="5" hostname="DESKTOP-K8DIB7L" failures="0" tests="3" name="Test-firefox-Runner" time="28.828" errors="0" timestamp="2024-02-28T11:22:29 IST">
  <testcase classname="staffModule1.ViewCustomerByAccNoTest" name="viewActiveCustomer" time="0.676"/>
  <testcase classname="staffModule1.ViewCustomerByAccNoTest" name="viewCustomerByAccNo" time="0.852"/>
  <testcase classname="staffModule1.CreditCustomerTest" name="creditCustomer" time="0.906"/>
  <testcase classname="com.obs.generic.utilities.BaseClass" name="@AfterSuite afterSuite" time="0.0">
    <ignored/>
  </testcase> <!-- @AfterSuite afterSuite -->
  <testcase classname="com.obs.generic.utilities.BaseClass" name="@AfterSuite afterSuite" time="0.0">
    <ignored/>
  </testcase> <!-- @AfterSuite afterSuite -->
  <testcase classname="com.obs.generic.utilities.BaseClass" name="@BeforeSuite beforeSuite" time="0.0">
    <ignored/>
  </testcase> <!-- @BeforeSuite beforeSuite -->
  <testcase classname="staffModule1.ApprovePendingAccountTest" name="approvePendingAccount" time="0.0">
    <ignored/>
  </testcase> <!-- approvePendingAccount -->
  <testcase classname="com.obs.generic.utilities.BaseClass" name="@BeforeSuite beforeSuite" time="0.0">
    <ignored/>
  </testcase> <!-- @BeforeSuite beforeSuite -->
</testsuite> <!-- Test-firefox-Runner -->
