<?xml version="1.0" encoding="UTF-8"?>
<!-- Generated by org.testng.reporters.JUnitXMLReporter -->
<testsuite ignored="0" hostname="DESKTOP-K8DIB7L" failures="0" tests="1" name="Test-chrome-Runner" time="9.781" errors="0" timestamp="2024-02-28T11:25:24 IST">
  <testcase classname="staffModule1.CreditCustomerTest" name="creditCustomer" time="2.481"/>
</testsuite> <!-- Test-chrome-Runner -->
