<?xml version="1.0" encoding="UTF-8"?>
<!-- Generated by org.testng.reporters.JUnitReportReporter -->
<testsuite hostname="DESKTOP-K8DIB7L" failures="0" tests="2" name="staffModule1.StaffApproveAndDeleteTest" time="3.952" errors="0" timestamp="2024-02-27T12:00:03 IST" skipped="0">
  <testcase classname="staffModule1.StaffApproveAndDeleteTest" name="approvePending" time="1.408">
    <system-out>
      <![CDATA[Clicked On Approve Pending Button]]>
    </system-out>
  </testcase> <!-- approvePending -->
  <testcase classname="staffModule1.StaffApproveAndDeleteTest" name="deleteCustomer" time="2.544">
    <system-out>
      <![CDATA[Clicked On Delete Customer Button]]>
    </system-out>
  </testcase> <!-- deleteCustomer -->
  <system-out>
    <![CDATA[--Connect to DB
Browser and URL launched
Browser and URL launched
Browser and URL launched
StaffLogin
StaffLogin
StaffLogin
Clicked On Credit Customer Button
Clicked On Approve Pending Button
StaffLogout
StaffLogout
Browser Closed
StaffLogin
Clicked On Delete Customer Button
Clicked On View Active Customer
StaffLogout
StaffLogout
Browser Closed
StaffLogin
Clicked On View Customer Account Number
StaffLogout
Browser Closed
--DisConnect to DB]]>
  </system-out>
</testsuite> <!-- staffModule1.StaffApproveAndDeleteTest -->
