<?xml version="1.0" encoding="UTF-8"?>
<!-- Generated by org.testng.reporters.JUnitReportReporter -->
<testsuite hostname="DESKTOP-K8DIB7L" failures="0" tests="3" name="testNGPractice.Two" time="0.036" errors="0" timestamp="2024-02-26T19:07:07 IST" skipped="0">
  <testcase classname="testNGPractice.Two" name="f1" time="0.023"/>
  <testcase classname="testNGPractice.Two" name="f3" time="0.004"/>
  <testcase classname="testNGPractice.Two" name="f2" time="0.009"/>
</testsuite> <!-- testNGPractice.Two -->
