<?xml version="1.0" encoding="UTF-8"?>
<!-- Generated by org.testng.reporters.JUnitReportReporter -->
<testsuite hostname="DESKTOP-K8DIB7L" failures="0" tests="1" name="staffModule1.StaffCreditTest" time="2.286" errors="0" timestamp="2024-02-27T12:00:03 IST" skipped="0">
  <testcase classname="staffModule1.StaffCreditTest" name="creditCustomer" time="2.286">
    <system-out>
      <![CDATA[Clicked On Credit Customer Button]]>
    </system-out>
  </testcase> <!-- creditCustomer -->
  <system-out>
    <![CDATA[--Connect to DB
Browser and URL launched
Browser and URL launched
Browser and URL launched
StaffLogin
StaffLogin
StaffLogin
Clicked On Credit Customer Button
Clicked On Approve Pending Button
StaffLogout
StaffLogout
Browser Closed
StaffLogin
Clicked On Delete Customer Button
Clicked On View Active Customer
StaffLogout
StaffLogout
Browser Closed
StaffLogin
Clicked On View Customer Account Number
StaffLogout
Browser Closed
--DisConnect to DB]]>
  </system-out>
</testsuite> <!-- staffModule1.StaffCreditTest -->
