<?xml version="1.0" encoding="UTF-8"?>
<!-- Generated by org.testng.reporters.JUnitReportReporter -->
<testsuite hostname="DESKTOP-K8DIB7L" failures="0" tests="6" name="testNGPractice.CallDataProvider" time="44.126" errors="0" timestamp="2024-02-26T17:25:57 IST" skipped="0">
  <testcase classname="testNGPractice.CallDataProvider" name="login" time="6.557"/>
  <testcase classname="testNGPractice.CallDataProvider" name="login" time="7.091"/>
  <testcase classname="testNGPractice.CallDataProvider" name="login" time="7.050"/>
  <testcase classname="testNGPractice.CallDataProvider" name="login" time="9.071"/>
  <testcase classname="testNGPractice.CallDataProvider" name="login" time="7.265"/>
  <testcase classname="testNGPractice.CallDataProvider" name="login" time="7.092"/>
</testsuite> <!-- testNGPractice.CallDataProvider -->
