<?xml version="1.0" encoding="UTF-8"?>
<!-- Generated by org.testng.reporters.JUnitReportReporter -->
<testsuite hostname="DESKTOP-K8DIB7L" failures="0" tests="1" name="userModule1.CustomerBeforeLoginTest" time="5.108" errors="0" timestamp="2024-03-01T10:02:14 IST" skipped="0">
  <testcase classname="userModule1.CustomerBeforeLoginTest" name="eBankRegistration" time="5.108"/>
</testsuite> <!-- userModule1.CustomerBeforeLoginTest -->
