<?xml version="1.0" encoding="UTF-8"?>
<!-- Generated by org.testng.reporters.JUnitReportReporter -->
<testsuite hostname="DESKTOP-K8DIB7L" failures="0" tests="1" name="staffModule.LoadDataIntoExcel" time="17.932" errors="0" timestamp="2024-02-27T19:38:01 IST" skipped="0">
  <testcase classname="staffModule.LoadDataIntoExcel" name="getData" time="17.932"/>
  <system-out>
    <![CDATA[--Connect to DB
StaffLogin
StaffLogout
Browser Closed
--DisConnect to DB]]>
  </system-out>
</testsuite> <!-- staffModule.LoadDataIntoExcel -->
