<?xml version="1.0" encoding="UTF-8"?>
<!-- Generated by org.testng.reporters.JUnitReportReporter -->
<testsuite hostname="DESKTOP-K8DIB7L" failures="0" tests="1" name="demoQspiderapp.Cbox" time="31.663" errors="0" timestamp="2024-02-08T00:16:02 IST" skipped="0">
  <testcase classname="demoQspiderapp.Cbox" name="test" time="31.663"/>
</testsuite> <!-- demoQspiderapp.Cbox -->
