<?xml version="1.0" encoding="UTF-8"?>
<!-- Generated by org.testng.reporters.JUnitReportReporter -->
<testsuite hostname="DESKTOP-K8DIB7L" failures="0" tests="4" name="testNGPractice.Pri" time="0.029" errors="0" timestamp="2024-02-26T13:35:26 IST" skipped="0">
  <testcase classname="testNGPractice.Pri" name="create" time="0.001"/>
  <testcase classname="testNGPractice.Pri" name="graph" time="0.002"/>
  <testcase classname="testNGPractice.Pri" name="edit" time="0.024"/>
  <testcase classname="testNGPractice.Pri" name="delete" time="0.002"/>
</testsuite> <!-- testNGPractice.Pri -->
