<?xml version="1.0" encoding="UTF-8"?>
<!-- Generated by org.testng.reporters.JUnitReportReporter -->
<testsuite hostname="DESKTOP-K8DIB7L" failures="0" tests="3" name="testNGPractice.TryAllAnnotation" time="0.028" errors="0" timestamp="2024-02-26T18:12:04 IST" skipped="0">
  <testcase classname="testNGPractice.TryAllAnnotation" name="f2" time="0.007"/>
  <testcase classname="testNGPractice.TryAllAnnotation" name="f3" time="0.007"/>
  <testcase classname="testNGPractice.TryAllAnnotation" name="f1" time="0.014"/>
</testsuite> <!-- testNGPractice.TryAllAnnotation -->
