<?xml version="1.0" encoding="UTF-8"?>
<!-- Generated by org.testng.reporters.JUnitReportReporter -->
<testsuite hostname="DESKTOP-K8DIB7L" failures="0" tests="2" name="com.practice.packag.ReadDataFromCommandTest" time="14.242" errors="0" timestamp="2024-02-14T16:29:36 IST" skipped="0">
  <testcase classname="com.practice.packag.ReadDataFromCommandTest" name="readDataTest" time="8.061"/>
  <testcase classname="com.practice.packag.ReadDataFromCommandTest" name="readDataTest2" time="6.181"/>
</testsuite> <!-- com.practice.packag.ReadDataFromCommandTest -->
