<?xml version="1.0" encoding="UTF-8"?>
<!-- Generated by org.testng.reporters.JUnitReportReporter -->
<testsuite hostname="DESKTOP-K8DIB7L" failures="0" tests="3" name="testNGPractice.Three" time="0.015" errors="0" timestamp="2024-02-26T19:07:07 IST" skipped="0">
  <testcase classname="testNGPractice.Three" name="f3" time="0.006"/>
  <testcase classname="testNGPractice.Three" name="f1" time="0.004"/>
  <testcase classname="testNGPractice.Three" name="f2" time="0.005"/>
</testsuite> <!-- testNGPractice.Three -->
