<?xml version="1.0" encoding="UTF-8"?>
<!-- Generated by org.testng.reporters.JUnitReportReporter -->
<testsuite hostname="DESKTOP-K8DIB7L" failures="0" tests="1" name="obs.AutoGenerater" time="0.040" errors="0" timestamp="2024-02-28T23:56:54 IST" skipped="0">
  <testcase classname="obs.AutoGenerater" name="random" time="0.040"/>
</testsuite> <!-- obs.AutoGenerater -->
