<?xml version="1.0" encoding="UTF-8"?>
<!-- Generated by org.testng.reporters.JUnitReportReporter -->
<testsuite hostname="DESKTOP-K8DIB7L" failures="0" tests="2" name="staffModule1.ApprovePendingAccountTest" time="5.616" errors="0" timestamp="2024-02-29T18:02:12 IST" skipped="0">
  <testcase classname="staffModule1.ApprovePendingAccountTest" name="approvePendingAccount" time="1.593">
    <system-out>
      <![CDATA[Clicked On Approve Pending Account 
Got Application Number From Excel 
Entered Application Number And Clicked On Search Button]]>
    </system-out>
  </testcase> <!-- approvePendingAccount -->
  <testcase classname="staffModule1.ApprovePendingAccountTest" name="approvePendingAccount" time="4.023">
    <system-out>
      <![CDATA[Clicked On Approve Pending Account 
Got Application Number From Excel 
Entered Application Number And Clicked On Search Button
Write Approved Infornt of Application Number]]>
    </system-out>
  </testcase> <!-- approvePendingAccount -->
  <system-out>
    <![CDATA[--Connect to DB
StaffLogin
Clicked On Approve Pending Account 
Got Application Number From Excel 
Entered Application Number And Clicked On Search Button
Write Approved Infornt of Application Number
StaffLogout
StaffLogin
Clicked On Approve Pending Account 
Got Application Number From Excel 
Entered Application Number And Clicked On Search Button
StaffLogout
Browser Closed
--DisConnect to DB]]>
  </system-out>
</testsuite> <!-- staffModule1.ApprovePendingAccountTest -->
