<?xml version="1.0" encoding="UTF-8"?>
<!-- Generated by org.testng.reporters.JUnitReportReporter -->
<testsuite hostname="DESKTOP-K8DIB7L" failures="0" tests="3" name="testNGPractice.One" time="0.012" errors="0" timestamp="2024-02-26T19:07:07 IST" skipped="0">
  <testcase classname="testNGPractice.One" name="f3" time="0.005"/>
  <testcase classname="testNGPractice.One" name="f2" time="0.004"/>
  <testcase classname="testNGPractice.One" name="f1" time="0.003"/>
</testsuite> <!-- testNGPractice.One -->
