<?xml version="1.0" encoding="UTF-8"?>
<!-- Generated by org.testng.reporters.JUnitReportReporter -->
<testsuite hostname="DESKTOP-K8DIB7L" failures="0" tests="3" name="testNGPractice.OpenAccountModuleTest" time="0.020" errors="0" timestamp="2024-02-26T13:03:15 IST" skipped="0">
  <testcase classname="testNGPractice.OpenAccountModuleTest" name="edit" time="0.016"/>
  <testcase classname="testNGPractice.OpenAccountModuleTest" name="create" time="0.002"/>
  <testcase classname="testNGPractice.OpenAccountModuleTest" name="delete" time="0.002"/>
</testsuite> <!-- testNGPractice.OpenAccountModuleTest -->
