<?xml version="1.0" encoding="UTF-8"?>
<!-- Generated by org.testng.reporters.JUnitReportReporter -->
<testsuite hostname="DESKTOP-K8DIB7L" failures="0" tests="1" name="staffModule1.CreditCustomerTest" time="3.895" errors="0" timestamp="2024-03-01T14:25:48 IST" skipped="0">
  <testcase classname="staffModule1.CreditCustomerTest" name="creditCustomer" time="3.895">
    <system-out>
      <![CDATA[creditCustomer----> Execution Starts
Clicked On Credit Customer Button
Amount credited Successfully to customer account
creditCustomer  Success]]>
    </system-out>
  </testcase> <!-- creditCustomer -->
  <system-out>
    <![CDATA[--Connect to DB
StaffLogin
viewActiveCustomer----> Execution Starts
viewActiveCustomer----> Method Skipped
StaffLogout
StaffLogin
viewActiveCustomer----> Execution Starts
viewActiveCustomer----> Method Skipped
StaffLogout
StaffLogin
viewActiveCustomer----> Execution Starts
StaffLogout
Browser Closed
StaffLogin
creditCustomer----> Execution Starts
Clicked On Credit Customer Button
Amount credited Successfully to customer account
creditCustomer  Success
StaffLogout
Browser Closed
--DisConnect to DB]]>
  </system-out>
</testsuite> <!-- staffModule1.CreditCustomerTest -->
