<?xml version="1.0" encoding="UTF-8"?>
<!-- Generated by org.testng.reporters.JUnitReportReporter -->
<testsuite hostname="DESKTOP-K8DIB7L" failures="0" tests="4" name="userModule.PriorityPractice" time="0.025" errors="0" timestamp="2024-03-04T19:28:14 IST" skipped="0">
  <testcase classname="userModule.PriorityPractice" name="edit" time="0.020"/>
  <testcase classname="userModule.PriorityPractice" name="graph" time="0.002"/>
  <testcase classname="userModule.PriorityPractice" name="delete" time="0.001"/>
  <testcase classname="userModule.PriorityPractice" name="create" time="0.002"/>
</testsuite> <!-- userModule.PriorityPractice -->
